<?xml version="1.0" encoding="UTF-8"?>
<coverage generated="1702843552107" clover="3.2.0">
  <project timestamp="1702843552107" name="All files">
    <metrics statements="40" coveredstatements="2" conditionals="4" coveredconditionals="0" methods="14" coveredmethods="1" elements="58" coveredelements="3" complexity="0" loc="40" ncloc="40" packages="6" files="12" classes="12"/>
    <package name="reactNativeECommerce">
      <metrics statements="4" coveredstatements="0" conditionals="0" coveredconditionals="0" methods="1" coveredmethods="0"/>
      <file name="App.tsx" path="C:\Users\msmhs\OneDrive\Belgeler\Projects\reactNativeECommerce\App.tsx">
        <metrics statements="4" coveredstatements="0" conditionals="0" coveredconditionals="0" methods="1" coveredmethods="0"/>
        <line num="15" count="0" type="stmt"/>
        <line num="16" count="0" type="stmt"/>
        <line num="19" count="0" type="stmt"/>
        <line num="36" count="0" type="stmt"/>
      </file>
      <file name="jest-setup.ts" path="C:\Users\msmhs\OneDrive\Belgeler\Projects\reactNativeECommerce\jest-setup.ts">
        <metrics statements="0" coveredstatements="0" conditionals="0" coveredconditionals="0" methods="0" coveredmethods="0"/>
      </file>
    </package>
    <package name="reactNativeECommerce.src.components.TestButton">
      <metrics statements="2" coveredstatements="2" conditionals="0" coveredconditionals="0" methods="1" coveredmethods="1"/>
      <file name="TestButton.tsx" path="C:\Users\msmhs\OneDrive\Belgeler\Projects\reactNativeECommerce\src\components\TestButton\TestButton.tsx">
        <metrics statements="2" coveredstatements="2" conditionals="0" coveredconditionals="0" methods="1" coveredmethods="1"/>
        <line num="3" count="1" type="stmt"/>
        <line num="4" count="1" type="stmt"/>
      </file>
    </package>
    <package name="reactNativeECommerce.src.navigation">
      <metrics statements="0" coveredstatements="0" conditionals="0" coveredconditionals="0" methods="0" coveredmethods="0"/>
      <file name="NavigationTypes.ts" path="C:\Users\msmhs\OneDrive\Belgeler\Projects\reactNativeECommerce\src\navigation\NavigationTypes.ts">
        <metrics statements="0" coveredstatements="0" conditionals="0" coveredconditionals="0" methods="0" coveredmethods="0"/>
      </file>
    </package>
    <package name="reactNativeECommerce.src.redux">
      <metrics statements="5" coveredstatements="0" conditionals="0" coveredconditionals="0" methods="1" coveredmethods="0"/>
      <file name="store.ts" path="C:\Users\msmhs\OneDrive\Belgeler\Projects\reactNativeECommerce\src\redux\store.ts">
        <metrics statements="5" coveredstatements="0" conditionals="0" coveredconditionals="0" methods="1" coveredmethods="0"/>
        <line num="5" count="0" type="stmt"/>
        <line num="11" count="0" type="stmt"/>
        <line num="12" count="0" type="stmt"/>
        <line num="13" count="0" type="stmt"/>
        <line num="14" count="0" type="stmt"/>
      </file>
    </package>
    <package name="reactNativeECommerce.src.redux.products">
      <metrics statements="9" coveredstatements="0" conditionals="4" coveredconditionals="0" methods="3" coveredmethods="0"/>
      <file name="actionTypes.ts" path="C:\Users\msmhs\OneDrive\Belgeler\Projects\reactNativeECommerce\src\redux\products\actionTypes.ts">
        <metrics statements="2" coveredstatements="0" conditionals="0" coveredconditionals="0" methods="0" coveredmethods="0"/>
        <line num="2" count="0" type="stmt"/>
        <line num="3" count="0" type="stmt"/>
      </file>
      <file name="actions.ts" path="C:\Users\msmhs\OneDrive\Belgeler\Projects\reactNativeECommerce\src\redux\products\actions.ts">
        <metrics statements="2" coveredstatements="0" conditionals="0" coveredconditionals="0" methods="2" coveredmethods="0"/>
        <line num="4" count="0" type="stmt"/>
        <line num="10" count="0" type="stmt"/>
      </file>
      <file name="models.ts" path="C:\Users\msmhs\OneDrive\Belgeler\Projects\reactNativeECommerce\src\redux\products\models.ts">
        <metrics statements="0" coveredstatements="0" conditionals="0" coveredconditionals="0" methods="0" coveredmethods="0"/>
      </file>
      <file name="reducers.ts" path="C:\Users\msmhs\OneDrive\Belgeler\Projects\reactNativeECommerce\src\redux\products\reducers.ts">
        <metrics statements="5" coveredstatements="0" conditionals="4" coveredconditionals="0" methods="1" coveredmethods="0"/>
        <line num="3" count="0" type="stmt"/>
        <line num="22" count="0" type="cond" truecount="0" falsecount="3"/>
        <line num="24" count="0" type="stmt"/>
        <line num="28" count="0" type="stmt"/>
        <line num="32" count="0" type="stmt"/>
      </file>
    </package>
    <package name="reactNativeECommerce.src.screens">
      <metrics statements="20" coveredstatements="0" conditionals="0" coveredconditionals="0" methods="8" coveredmethods="0"/>
      <file name="CartScreen.tsx" path="C:\Users\msmhs\OneDrive\Belgeler\Projects\reactNativeECommerce\src\screens\CartScreen.tsx">
        <metrics statements="5" coveredstatements="0" conditionals="0" coveredconditionals="0" methods="2" coveredmethods="0"/>
        <line num="6" count="0" type="stmt"/>
        <line num="7" count="0" type="stmt"/>
        <line num="8" count="0" type="stmt"/>
        <line num="10" count="0" type="stmt"/>
        <line num="18" count="0" type="stmt"/>
      </file>
      <file name="DetailScreen.tsx" path="C:\Users\msmhs\OneDrive\Belgeler\Projects\reactNativeECommerce\src\screens\DetailScreen.tsx">
        <metrics statements="4" coveredstatements="0" conditionals="0" coveredconditionals="0" methods="1" coveredmethods="0"/>
        <line num="6" count="0" type="stmt"/>
        <line num="7" count="0" type="stmt"/>
        <line num="8" count="0" type="stmt"/>
        <line num="17" count="0" type="stmt"/>
      </file>
      <file name="HomeScreen.tsx" path="C:\Users\msmhs\OneDrive\Belgeler\Projects\reactNativeECommerce\src\screens\HomeScreen.tsx">
        <metrics statements="11" coveredstatements="0" conditionals="0" coveredconditionals="0" methods="5" coveredmethods="0"/>
        <line num="11" count="0" type="stmt"/>
        <line num="12" count="0" type="stmt"/>
        <line num="14" count="0" type="stmt"/>
        <line num="15" count="0" type="stmt"/>
        <line num="18" count="0" type="stmt"/>
        <line num="19" count="0" type="stmt"/>
        <line num="21" count="0" type="stmt"/>
        <line num="31" count="0" type="stmt"/>
        <line num="40" count="0" type="stmt"/>
        <line num="44" count="0" type="stmt"/>
        <line num="45" count="0" type="stmt"/>
      </file>
    </package>
  </project>
</coverage>
