<?xml version="1.0" encoding="UTF-8"?>
<coverage generated="1702834731857" clover="3.2.0">
  <project timestamp="1702834731857" name="All files">
    <metrics statements="11" coveredstatements="2" conditionals="0" coveredconditionals="0" methods="5" coveredmethods="1" elements="16" coveredelements="3" complexity="0" loc="11" ncloc="11" packages="2" files="3" classes="3"/>
    <package name="reactNativeECommerce">
      <metrics statements="9" coveredstatements="0" conditionals="0" coveredconditionals="0" methods="4" coveredmethods="0"/>
      <file name="App.tsx" path="C:\Users\msmhs\OneDrive\Belgeler\Projects\reactNativeECommerce\App.tsx">
        <metrics statements="9" coveredstatements="0" conditionals="0" coveredconditionals="0" methods="4" coveredmethods="0"/>
        <line num="12" count="0" type="stmt"/>
        <line num="23" count="0" type="stmt"/>
        <line num="25" count="0" type="stmt"/>
        <line num="26" count="0" type="stmt"/>
        <line num="28" count="0" type="stmt"/>
        <line num="38" count="0" type="stmt"/>
        <line num="39" count="0" type="stmt"/>
        <line num="49" count="0" type="stmt"/>
        <line num="67" count="0" type="stmt"/>
      </file>
      <file name="jest-setup.ts" path="C:\Users\msmhs\OneDrive\Belgeler\Projects\reactNativeECommerce\jest-setup.ts">
        <metrics statements="0" coveredstatements="0" conditionals="0" coveredconditionals="0" methods="0" coveredmethods="0"/>
      </file>
    </package>
    <package name="reactNativeECommerce.src.components.TestButton">
      <metrics statements="2" coveredstatements="2" conditionals="0" coveredconditionals="0" methods="1" coveredmethods="1"/>
      <file name="TestButton.tsx" path="C:\Users\msmhs\OneDrive\Belgeler\Projects\reactNativeECommerce\src\components\TestButton\TestButton.tsx">
        <metrics statements="2" coveredstatements="2" conditionals="0" coveredconditionals="0" methods="1" coveredmethods="1"/>
        <line num="3" count="1" type="stmt"/>
        <line num="4" count="1" type="stmt"/>
      </file>
    </package>
  </project>
</coverage>
