{"C:\\Users\\msmhs\\OneDrive\\Belgeler\\Projects\\reactNativeECommerce\\App.tsx": {"path":"C:\\Users\\msmhs\\OneDrive\\Belgeler\\Projects\\reactNativeECommerce\\App.tsx","statementMap":{"0":{"start":{"line":12,"column":12},"end":{"line":12,"column":56}},"1":{"start":{"line":23,"column":19},"end":{"line":23,"column":47}},"2":{"start":{"line":25,"column":27},"end":{"line":27,"column":3}},"3":{"start":{"line":26,"column":4},"end":{"line":26,"column":66}},"4":{"start":{"line":28,"column":2},"end":{"line":34,"column":4}},"5":{"start":{"line":38,"column":24},"end":{"line":38,"column":36}},"6":{"start":{"line":39,"column":2},"end":{"line":45,"column":4}},"7":{"start":{"line":49,"column":2},"end":{"line":64,"column":4}},"8":{"start":{"line":67,"column":15},"end":{"line":74,"column":2}}},"fnMap":{"0":{"name":"HomeScreen","decl":{"start":{"line":22,"column":9},"end":{"line":22,"column":19}},"loc":{"start":{"line":22,"column":54},"end":{"line":35,"column":1}},"line":22},"1":{"name":"(anonymous_1)","decl":{"start":{"line":25,"column":27},"end":{"line":25,"column":28}},"loc":{"start":{"line":25,"column":33},"end":{"line":27,"column":3}},"line":25},"2":{"name":"DetailScreen","decl":{"start":{"line":37,"column":9},"end":{"line":37,"column":21}},"loc":{"start":{"line":37,"column":58},"end":{"line":46,"column":1}},"line":37},"3":{"name":"App","decl":{"start":{"line":48,"column":24},"end":{"line":48,"column":27}},"loc":{"start":{"line":48,"column":30},"end":{"line":65,"column":1}},"line":48}},"branchMap":{},"s":{"0":0,"1":0,"2":0,"3":0,"4":0,"5":0,"6":0,"7":0,"8":0},"f":{"0":0,"1":0,"2":0,"3":0},"b":{}}
,"C:\\Users\\msmhs\\OneDrive\\Belgeler\\Projects\\reactNativeECommerce\\jest-setup.ts": {"path":"C:\\Users\\msmhs\\OneDrive\\Belgeler\\Projects\\reactNativeECommerce\\jest-setup.ts","statementMap":{},"fnMap":{},"branchMap":{},"s":{},"f":{},"b":{}}
,"C:\\Users\\msmhs\\OneDrive\\Belgeler\\Projects\\reactNativeECommerce\\src\\components\\TestButton\\TestButton.tsx": {"path":"C:\\Users\\msmhs\\OneDrive\\Belgeler\\Projects\\reactNativeECommerce\\src\\components\\TestButton\\TestButton.tsx","statementMap":{"0":{"start":{"line":3,"column":19},"end":{"line":5,"column":1}},"1":{"start":{"line":4,"column":2},"end":{"line":4,"column":78}}},"fnMap":{"0":{"name":"(anonymous_0)","decl":{"start":{"line":3,"column":19},"end":{"line":3,"column":20}},"loc":{"start":{"line":3,"column":35},"end":{"line":5,"column":1}},"line":3}},"branchMap":{},"s":{"0":1,"1":1},"f":{"0":1},"b":{},"_coverageSchema":"1a1c01bbd47fc00a2c39e90264f33305004495a9","hash":"b230422104988db6647611e575cec37cdac50a5e"}
}
