{"C:\\Users\\msmhs\\OneDrive\\Belgeler\\Projects\\reactNativeECommerce\\App.tsx": {"path":"C:\\Users\\msmhs\\OneDrive\\Belgeler\\Projects\\reactNativeECommerce\\App.tsx","statementMap":{"0":{"start":{"line":15,"column":14},"end":{"line":15,"column":30}},"1":{"start":{"line":16,"column":12},"end":{"line":16,"column":56}},"2":{"start":{"line":19,"column":2},"end":{"line":33,"column":4}},"3":{"start":{"line":36,"column":15},"end":{"line":43,"column":2}}},"fnMap":{"0":{"name":"App","decl":{"start":{"line":18,"column":24},"end":{"line":18,"column":27}},"loc":{"start":{"line":18,"column":30},"end":{"line":34,"column":1}},"line":18}},"branchMap":{},"s":{"0":0,"1":0,"2":0,"3":0},"f":{"0":0},"b":{}}
,"C:\\Users\\msmhs\\OneDrive\\Belgeler\\Projects\\reactNativeECommerce\\jest-setup.ts": {"path":"C:\\Users\\msmhs\\OneDrive\\Belgeler\\Projects\\reactNativeECommerce\\jest-setup.ts","statementMap":{},"fnMap":{},"branchMap":{},"s":{},"f":{},"b":{}}
,"C:\\Users\\msmhs\\OneDrive\\Belgeler\\Projects\\reactNativeECommerce\\src\\components\\TestButton\\TestButton.tsx": {"path":"C:\\Users\\msmhs\\OneDrive\\Belgeler\\Projects\\reactNativeECommerce\\src\\components\\TestButton\\TestButton.tsx","statementMap":{"0":{"start":{"line":3,"column":19},"end":{"line":5,"column":1}},"1":{"start":{"line":4,"column":2},"end":{"line":4,"column":78}}},"fnMap":{"0":{"name":"(anonymous_0)","decl":{"start":{"line":3,"column":19},"end":{"line":3,"column":20}},"loc":{"start":{"line":3,"column":35},"end":{"line":5,"column":1}},"line":3}},"branchMap":{},"s":{"0":1,"1":1},"f":{"0":1},"b":{},"_coverageSchema":"1a1c01bbd47fc00a2c39e90264f33305004495a9","hash":"b230422104988db6647611e575cec37cdac50a5e"}
,"C:\\Users\\msmhs\\OneDrive\\Belgeler\\Projects\\reactNativeECommerce\\src\\navigation\\NavigationTypes.ts": {"path":"C:\\Users\\msmhs\\OneDrive\\Belgeler\\Projects\\reactNativeECommerce\\src\\navigation\\NavigationTypes.ts","statementMap":{},"fnMap":{},"branchMap":{},"s":{},"f":{},"b":{}}
,"C:\\Users\\msmhs\\OneDrive\\Belgeler\\Projects\\reactNativeECommerce\\src\\redux\\store.ts": {"path":"C:\\Users\\msmhs\\OneDrive\\Belgeler\\Projects\\reactNativeECommerce\\src\\redux\\store.ts","statementMap":{"0":{"start":{"line":5,"column":20},"end":{"line":7,"column":2}},"1":{"start":{"line":11,"column":22},"end":{"line":11,"column":40}},"2":{"start":{"line":12,"column":29},"end":{"line":12,"column":60}},"3":{"start":{"line":13,"column":16},"end":{"line":13,"column":60}},"4":{"start":{"line":14,"column":2},"end":{"line":14,"column":15}}},"fnMap":{"0":{"name":"configureStore","decl":{"start":{"line":10,"column":24},"end":{"line":10,"column":38}},"loc":{"start":{"line":10,"column":41},"end":{"line":15,"column":1}},"line":10}},"branchMap":{},"s":{"0":0,"1":0,"2":0,"3":0,"4":0},"f":{"0":0},"b":{}}
,"C:\\Users\\msmhs\\OneDrive\\Belgeler\\Projects\\reactNativeECommerce\\src\\redux\\products\\actionTypes.ts": {"path":"C:\\Users\\msmhs\\OneDrive\\Belgeler\\Projects\\reactNativeECommerce\\src\\redux\\products\\actionTypes.ts","statementMap":{"0":{"start":{"line":2,"column":28},"end":{"line":2,"column":42}},"1":{"start":{"line":3,"column":28},"end":{"line":3,"column":42}}},"fnMap":{},"branchMap":{},"s":{"0":0,"1":0},"f":{},"b":{}}
,"C:\\Users\\msmhs\\OneDrive\\Belgeler\\Projects\\reactNativeECommerce\\src\\redux\\products\\actions.ts": {"path":"C:\\Users\\msmhs\\OneDrive\\Belgeler\\Projects\\reactNativeECommerce\\src\\redux\\products\\actions.ts","statementMap":{"0":{"start":{"line":4,"column":2},"end":{"line":7,"column":4}},"1":{"start":{"line":10,"column":2},"end":{"line":13,"column":4}}},"fnMap":{"0":{"name":"setProducts","decl":{"start":{"line":3,"column":16},"end":{"line":3,"column":27}},"loc":{"start":{"line":3,"column":71},"end":{"line":8,"column":1}},"line":3},"1":{"name":"addProducts","decl":{"start":{"line":9,"column":16},"end":{"line":9,"column":27}},"loc":{"start":{"line":9,"column":71},"end":{"line":14,"column":1}},"line":9}},"branchMap":{},"s":{"0":0,"1":0},"f":{"0":0,"1":0},"b":{}}
,"C:\\Users\\msmhs\\OneDrive\\Belgeler\\Projects\\reactNativeECommerce\\src\\redux\\products\\models.ts": {"path":"C:\\Users\\msmhs\\OneDrive\\Belgeler\\Projects\\reactNativeECommerce\\src\\redux\\products\\models.ts","statementMap":{},"fnMap":{},"branchMap":{},"s":{},"f":{},"b":{}}
,"C:\\Users\\msmhs\\OneDrive\\Belgeler\\Projects\\reactNativeECommerce\\src\\redux\\products\\reducers.ts": {"path":"C:\\Users\\msmhs\\OneDrive\\Belgeler\\Projects\\reactNativeECommerce\\src\\redux\\products\\reducers.ts","statementMap":{"0":{"start":{"line":3,"column":37},"end":{"line":17,"column":1}},"1":{"start":{"line":22,"column":2},"end":{"line":33,"column":3}},"2":{"start":{"line":24,"column":6},"end":{"line":26,"column":8}},"3":{"start":{"line":28,"column":6},"end":{"line":30,"column":8}},"4":{"start":{"line":32,"column":6},"end":{"line":32,"column":19}}},"fnMap":{"0":{"name":"productsReducer","decl":{"start":{"line":18,"column":16},"end":{"line":18,"column":31}},"loc":{"start":{"line":21,"column":18},"end":{"line":34,"column":1}},"line":21}},"branchMap":{"0":{"loc":{"start":{"line":19,"column":2},"end":{"line":19,"column":22}},"type":"default-arg","locations":[{"start":{"line":19,"column":10},"end":{"line":19,"column":22}}],"line":19},"1":{"loc":{"start":{"line":22,"column":2},"end":{"line":33,"column":3}},"type":"switch","locations":[{"start":{"line":23,"column":4},"end":{"line":26,"column":8}},{"start":{"line":27,"column":4},"end":{"line":30,"column":8}},{"start":{"line":31,"column":4},"end":{"line":32,"column":19}}],"line":22}},"s":{"0":0,"1":0,"2":0,"3":0,"4":0},"f":{"0":0},"b":{"0":[0],"1":[0,0,0]}}
,"C:\\Users\\msmhs\\OneDrive\\Belgeler\\Projects\\reactNativeECommerce\\src\\screens\\CartScreen.tsx": {"path":"C:\\Users\\msmhs\\OneDrive\\Belgeler\\Projects\\reactNativeECommerce\\src\\screens\\CartScreen.tsx","statementMap":{"0":{"start":{"line":6,"column":19},"end":{"line":16,"column":1}},"1":{"start":{"line":7,"column":27},"end":{"line":9,"column":3}},"2":{"start":{"line":8,"column":4},"end":{"line":8,"column":66}},"3":{"start":{"line":10,"column":2},"end":{"line":15,"column":4}},"4":{"start":{"line":18,"column":15},"end":{"line":25,"column":2}}},"fnMap":{"0":{"name":"(anonymous_0)","decl":{"start":{"line":6,"column":19},"end":{"line":6,"column":20}},"loc":{"start":{"line":6,"column":57},"end":{"line":16,"column":1}},"line":6},"1":{"name":"(anonymous_1)","decl":{"start":{"line":7,"column":27},"end":{"line":7,"column":28}},"loc":{"start":{"line":7,"column":33},"end":{"line":9,"column":3}},"line":7}},"branchMap":{},"s":{"0":0,"1":0,"2":0,"3":0,"4":0},"f":{"0":0,"1":0},"b":{}}
,"C:\\Users\\msmhs\\OneDrive\\Belgeler\\Projects\\reactNativeECommerce\\src\\screens\\DetailScreen.tsx": {"path":"C:\\Users\\msmhs\\OneDrive\\Belgeler\\Projects\\reactNativeECommerce\\src\\screens\\DetailScreen.tsx","statementMap":{"0":{"start":{"line":6,"column":21},"end":{"line":15,"column":1}},"1":{"start":{"line":7,"column":24},"end":{"line":7,"column":36}},"2":{"start":{"line":8,"column":2},"end":{"line":14,"column":4}},"3":{"start":{"line":17,"column":15},"end":{"line":24,"column":2}}},"fnMap":{"0":{"name":"(anonymous_0)","decl":{"start":{"line":6,"column":21},"end":{"line":6,"column":22}},"loc":{"start":{"line":6,"column":61},"end":{"line":15,"column":1}},"line":6}},"branchMap":{},"s":{"0":0,"1":0,"2":0,"3":0},"f":{"0":0},"b":{}}
,"C:\\Users\\msmhs\\OneDrive\\Belgeler\\Projects\\reactNativeECommerce\\src\\screens\\HomeScreen.tsx": {"path":"C:\\Users\\msmhs\\OneDrive\\Belgeler\\Projects\\reactNativeECommerce\\src\\screens\\HomeScreen.tsx","statementMap":{"0":{"start":{"line":11,"column":19},"end":{"line":29,"column":1}},"1":{"start":{"line":12,"column":19},"end":{"line":12,"column":47}},"2":{"start":{"line":14,"column":27},"end":{"line":16,"column":3}},"3":{"start":{"line":15,"column":4},"end":{"line":15,"column":72}},"4":{"start":{"line":18,"column":2},"end":{"line":20,"column":9}},"5":{"start":{"line":19,"column":4},"end":{"line":19,"column":23}},"6":{"start":{"line":21,"column":2},"end":{"line":28,"column":4}},"7":{"start":{"line":31,"column":15},"end":{"line":38,"column":2}},"8":{"start":{"line":40,"column":24},"end":{"line":42,"column":2}},"9":{"start":{"line":40,"column":46},"end":{"line":42,"column":1}},"10":{"start":{"line":44,"column":27},"end":{"line":45,"column":60}},"11":{"start":{"line":45,"column":2},"end":{"line":45,"column":60}}},"fnMap":{"0":{"name":"(anonymous_0)","decl":{"start":{"line":11,"column":19},"end":{"line":11,"column":20}},"loc":{"start":{"line":11,"column":52},"end":{"line":29,"column":1}},"line":11},"1":{"name":"(anonymous_1)","decl":{"start":{"line":14,"column":27},"end":{"line":14,"column":28}},"loc":{"start":{"line":14,"column":33},"end":{"line":16,"column":3}},"line":14},"2":{"name":"(anonymous_2)","decl":{"start":{"line":18,"column":12},"end":{"line":18,"column":13}},"loc":{"start":{"line":18,"column":18},"end":{"line":20,"column":3}},"line":18},"3":{"name":"(anonymous_3)","decl":{"start":{"line":40,"column":24},"end":{"line":40,"column":25}},"loc":{"start":{"line":40,"column":46},"end":{"line":42,"column":1}},"line":40},"4":{"name":"(anonymous_4)","decl":{"start":{"line":44,"column":27},"end":{"line":44,"column":28}},"loc":{"start":{"line":45,"column":2},"end":{"line":45,"column":60}},"line":45}},"branchMap":{},"s":{"0":0,"1":0,"2":0,"3":0,"4":0,"5":0,"6":0,"7":0,"8":0,"9":0,"10":0,"11":0},"f":{"0":0,"1":0,"2":0,"3":0,"4":0},"b":{}}
}
